19:28:36.859 INFO - Selenium build info: version: '3.7.0', revision: '2321c73'
19:28:36.860 INFO - Launching a standalone Selenium Server
2017-11-03 19:28:36.878:INFO::main: Logging initialized @233ms to org.seleniumhq.jetty9.util.log.StdErrLog
19:28:36.933 INFO - Driver class not found: com.opera.core.systems.OperaDriver
19:28:36.968 INFO - Driver provider class org.openqa.selenium.ie.InternetExplorerDriver registration is skipped:
 registration capabilities Capabilities {browserName: internet explorer, ensureCleanSession: true, platform: WINDOWS, version: } does not match the current platform LINUX
19:28:36.969 INFO - Driver provider class org.openqa.selenium.edge.EdgeDriver registration is skipped:
 registration capabilities Capabilities {browserName: MicrosoftEdge, platform: WINDOWS, version: } does not match the current platform LINUX
19:28:36.969 INFO - Driver provider class org.openqa.selenium.safari.SafariDriver registration is skipped:
 registration capabilities Capabilities {browserName: safari, platform: MAC, version: } does not match the current platform LINUX
19:28:37.015 INFO - Using the passthrough mode handler
2017-11-03 19:28:37.044:INFO:osjs.Server:main: jetty-9.4.5.v20170502
2017-11-03 19:28:37.068:WARN:osjs.SecurityHandler:main: ServletContext@o.s.j.s.ServletContextHandler@17d677df{/,null,STARTING} has uncovered http methods for path: /
2017-11-03 19:28:37.074:INFO:osjsh.ContextHandler:main: Started o.s.j.s.ServletContextHandler@17d677df{/,null,AVAILABLE}
2017-11-03 19:28:37.147:INFO:osjs.AbstractConnector:main: Started ServerConnector@670b40af{HTTP/1.1,[http/1.1]}{0.0.0.0:4444}
2017-11-03 19:28:37.148:INFO:osjs.Server:main: Started @504ms
19:28:37.148 INFO - Selenium Server is up and running
2017-11-03 19:28:37.532:INFO:osjshC.ROOT:qtp537548559-10: org.openqa.selenium.remote.server.WebDriverServlet-3108bc: Initialising WebDriverServlet
19:28:37.589 INFO - Found handler: org.openqa.selenium.remote.server.commandhandler.BeginSession@57099778
19:28:37.593 INFO - /session: Executing POST on /session (handler: BeginSession)
19:28:37.653 INFO - Capabilities are: Capabilities {acceptSslCerts: true, browserName: chrome, javascriptEnabled: true, marionette: true, name: default}
19:28:37.655 INFO - Capabilities {acceptSslCerts: true, browserName: chrome, javascriptEnabled: true, marionette: true, name: default} matched class org.openqa.selenium.remote.server.ServicedSession$Factory (provider: org.openqa.selenium.chrome.ChromeDriverService)
Starting ChromeDriver 2.33.506092 (733a02544d189eeb751fe0d7ddca79a0ee28cce4) on port 17136
Only local connections are allowed.
19:28:38.713 INFO - Detected dialect: OSS
